Using pre-set license
Built from '2020.3/staging' branch; Version is '2020.3.5f1 (8095aa901b9b) revision 8426922'; Using compiler version '192528614'; Build Type 'Release'
OS: 'Windows 10 Home; OS build 19042.985; Version 2009; 64bit' Language: 'ko' Physical Memory: 7971 MB
BatchMode: 1, IsHumanControllingUs: 0, StartBugReporterOnCrash: 0, Is64bit: 1, IsPro: 0

 COMMAND LINE ARGUMENTS:
C:\Program Files\Unity\Hub\Editor\2020.3.5f1\Editor\Unity.exe
-adb2
-batchMode
-noUpm
-name
AssetImportWorker0
-projectPath
C:/UnityProject/New Unity Project
-logFile
Logs/AssetImportWorker0.log
-srvPort
51845
Successfully changed project path to: C:/UnityProject/New Unity Project
C:/UnityProject/New Unity Project
Using Asset Import Pipeline V2.
Refreshing native plugins compatible for Editor in 26.65 ms, found 0 plugins.
Preloading 0 native plugins for Editor in 0.00 ms.
Initialize engine version: 2020.3.5f1 (8095aa901b9b)
[Subsystems] Discovering subsystems at path C:/Program Files/Unity/Hub/Editor/2020.3.5f1/Editor/Data/Resources/UnitySubsystems
[Subsystems] Discovering subsystems at path C:/UnityProject/New Unity Project/Assets
GfxDevice: creating device client; threaded=0
Direct3D:
    Version:  Direct3D 11.0 [level 11.1]
    Renderer: Intel(R) UHD Graphics (ID=0x9b41)
    Vendor:   
    VRAM:     3985 MB
    Driver:   26.20.100.7463
Initialize mono
Mono path[0] = 'C:/Program Files/Unity/Hub/Editor/2020.3.5f1/Editor/Data/Managed'
Mono path[1] = 'C:/Program Files/Unity/Hub/Editor/2020.3.5f1/Editor/Data/MonoBleedingEdge/lib/mono/unityjit'
Mono config path = 'C:/Program Files/Unity/Hub/Editor/2020.3.5f1/Editor/Data/MonoBleedingEdge/etc'
Using monoOptions --debugger-agent=transport=dt_socket,embedding=1,server=y,suspend=n,address=127.0.0.1:56472
Begin MonoManager ReloadAssembly
Registering precompiled unity dll's ...
Register platform support module: C:/Program Files/Unity/Hub/Editor/2020.3.5f1/Editor/Data/PlaybackEngines/WebGLSupport/UnityEditor.WebGL.Extensions.dll
Register platform support module: C:/Program Files/Unity/Hub/Editor/2020.3.5f1/Editor/Data/PlaybackEngines/WindowsStandaloneSupport/UnityEditor.WindowsStandalone.Extensions.dll
Registered in 0.003109 seconds.
Native extension for WindowsStandalone target not found
Native extension for WebGL target not found
Refreshing native plugins compatible for Editor in 32.68 ms, found 0 plugins.
Preloading 0 native plugins for Editor in 0.00 ms.
Mono: successfully reloaded assembly
- Completed reload, in  2.475 seconds
Platform modules already initialized, skipping
Registering precompiled user dll's ...
Registered in 0.000881 seconds.
Begin MonoManager ReloadAssembly
Native extension for WindowsStandalone target not found
Native extension for WebGL target not found
Refreshing native plugins compatible for Editor in 0.50 ms, found 0 plugins.
Preloading 0 native plugins for Editor in 0.00 ms.
Mono: successfully reloaded assembly
- Completed reload, in  1.373 seconds
Platform modules already initialized, skipping
========================================================================
Worker process is ready to serve import requests
Launched and connected shader compiler UnityShaderCompiler.exe after 0.08 seconds
Refreshing native plugins compatible for Editor in 0.29 ms, found 0 plugins.
Preloading 0 native plugins for Editor in 0.00 ms.
Unloading 1118 Unused Serialized files (Serialized files now loaded: 0)
System memory in use before: 57.3 MB.
System memory in use after: 57.3 MB.

Unloading 10 unused Assets to reduce memory usage. Loaded Objects now: 1560.
Total: 2.940000 ms (FindLiveObjects: 0.207900 ms CreateObjectMapping: 0.058800 ms MarkObjects: 2.547600 ms  DeleteObjects: 0.124100 ms)

========================================================================
Received Import Request.
  path: Assets/CameraMove.cs
  artifactKey: Guid(0336c199de407dc4694ccc81acedbe85) Importer(815301076,1909f56bfc062723c751e8b465ee728b)
Start importing Assets/CameraMove.cs using Guid(0336c199de407dc4694ccc81acedbe85) Importer(815301076,1909f56bfc062723c751e8b465ee728b)  -> (artifact id: 'e5aae4fc8ae7240799b2ea6a3b30e861') in 0.049018 seconds
  Import took 0.052661 seconds .

========================================================================
Received Import Request.
  Time since last request: 2474.818052 seconds.
  path: Assets/CameraMove.cs
  artifactKey: Guid(0336c199de407dc4694ccc81acedbe85) Importer(815301076,1909f56bfc062723c751e8b465ee728b)
Start importing Assets/CameraMove.cs using Guid(0336c199de407dc4694ccc81acedbe85) Importer(815301076,1909f56bfc062723c751e8b465ee728b)  -> (artifact id: 'ddeb5584a327238e3ac30bf07e4be816') in 0.005577 seconds
  Import took 0.009938 seconds .

========================================================================
Received Prepare
Registering precompiled user dll's ...
Registered in 0.000687 seconds.
Begin MonoManager ReloadAssembly
Native extension for WindowsStandalone target not found
Native extension for WebGL target not found
Refreshing native plugins compatible for Editor in 0.51 ms, found 0 plugins.
Preloading 0 native plugins for Editor in 0.00 ms.
Mono: successfully reloaded assembly
- Completed reload, in  1.092 seconds
Platform modules already initialized, skipping
Refreshing native plugins compatible for Editor in 0.23 ms, found 0 plugins.
Preloading 0 native plugins for Editor in 0.00 ms.
Unloading 1113 Unused Serialized files (Serialized files now loaded: 0)
System memory in use before: 57.2 MB.
System memory in use after: 57.3 MB.

Unloading 5 unused Assets to reduce memory usage. Loaded Objects now: 1563.
Total: 2.537900 ms (FindLiveObjects: 0.183600 ms CreateObjectMapping: 0.055600 ms MarkObjects: 2.190900 ms  DeleteObjects: 0.106600 ms)

========================================================================
Received Prepare
Registering precompiled user dll's ...
Registered in 0.000842 seconds.
Begin MonoManager ReloadAssembly
Native extension for WindowsStandalone target not found
Native extension for WebGL target not found
Refreshing native plugins compatible for Editor in 0.25 ms, found 0 plugins.
Preloading 0 native plugins for Editor in 0.00 ms.
Mono: successfully reloaded assembly
- Completed reload, in  1.193 seconds
Platform modules already initialized, skipping
Refreshing native plugins compatible for Editor in 0.21 ms, found 0 plugins.
Preloading 0 native plugins for Editor in 0.00 ms.
Unloading 1113 Unused Serialized files (Serialized files now loaded: 0)
System memory in use before: 57.2 MB.
System memory in use after: 57.3 MB.

Unloading 5 unused Assets to reduce memory usage. Loaded Objects now: 1566.
Total: 2.366500 ms (FindLiveObjects: 0.162700 ms CreateObjectMapping: 0.037400 ms MarkObjects: 2.093100 ms  DeleteObjects: 0.071800 ms)

========================================================================
Received Import Request.
  Time since last request: 23.710433 seconds.
  path: Assets/CameraMove.cs
  artifactKey: Guid(0336c199de407dc4694ccc81acedbe85) Importer(815301076,1909f56bfc062723c751e8b465ee728b)
Start importing Assets/CameraMove.cs using Guid(0336c199de407dc4694ccc81acedbe85) Importer(815301076,1909f56bfc062723c751e8b465ee728b)  -> (artifact id: 'ba446d8a74ea298a5f69e1269d4aa5cd') in 0.007895 seconds
  Import took 0.013819 seconds .

========================================================================
Received Prepare
Registering precompiled user dll's ...
Registered in 0.003408 seconds.
Begin MonoManager ReloadAssembly
Native extension for WindowsStandalone target not found
Native extension for WebGL target not found
Refreshing native plugins compatible for Editor in 0.21 ms, found 0 plugins.
Preloading 0 native plugins for Editor in 0.00 ms.
Mono: successfully reloaded assembly
- Completed reload, in  0.902 seconds
Platform modules already initialized, skipping
Refreshing native plugins compatible for Editor in 0.22 ms, found 0 plugins.
Preloading 0 native plugins for Editor in 0.00 ms.
Unloading 1113 Unused Serialized files (Serialized files now loaded: 0)
System memory in use before: 57.2 MB.
System memory in use after: 57.3 MB.

Unloading 5 unused Assets to reduce memory usage. Loaded Objects now: 1569.
Total: 2.894500 ms (FindLiveObjects: 0.279400 ms CreateObjectMapping: 0.072800 ms MarkObjects: 2.451000 ms  DeleteObjects: 0.089500 ms)

========================================================================
Received Prepare
Registering precompiled user dll's ...
Registered in 0.000687 seconds.
Begin MonoManager ReloadAssembly
Native extension for WindowsStandalone target not found
Native extension for WebGL target not found
Refreshing native plugins compatible for Editor in 0.28 ms, found 0 plugins.
Preloading 0 native plugins for Editor in 0.00 ms.
Mono: successfully reloaded assembly
- Completed reload, in  0.947 seconds
Platform modules already initialized, skipping
Refreshing native plugins compatible for Editor in 0.24 ms, found 0 plugins.
Preloading 0 native plugins for Editor in 0.00 ms.
Unloading 1113 Unused Serialized files (Serialized files now loaded: 0)
System memory in use before: 57.3 MB.
System memory in use after: 57.3 MB.

Unloading 5 unused Assets to reduce memory usage. Loaded Objects now: 1572.
Total: 1.814500 ms (FindLiveObjects: 0.141000 ms CreateObjectMapping: 0.035100 ms MarkObjects: 1.585300 ms  DeleteObjects: 0.052100 ms)

========================================================================
Received Prepare
Registering precompiled user dll's ...
Registered in 0.004185 seconds.
Begin MonoManager ReloadAssembly
Native extension for WindowsStandalone target not found
Native extension for WebGL target not found
Refreshing native plugins compatible for Editor in 0.23 ms, found 0 plugins.
Preloading 0 native plugins for Editor in 0.00 ms.
Mono: successfully reloaded assembly
- Completed reload, in  0.817 seconds
Platform modules already initialized, skipping
Refreshing native plugins compatible for Editor in 0.28 ms, found 0 plugins.
Preloading 0 native plugins for Editor in 0.00 ms.
Unloading 1113 Unused Serialized files (Serialized files now loaded: 0)
System memory in use before: 57.3 MB.
System memory in use after: 57.3 MB.

Unloading 5 unused Assets to reduce memory usage. Loaded Objects now: 1575.
Total: 2.639600 ms (FindLiveObjects: 0.361800 ms CreateObjectMapping: 0.056300 ms MarkObjects: 2.169200 ms  DeleteObjects: 0.051300 ms)

========================================================================
Received Prepare
Registering precompiled user dll's ...
Registered in 0.000787 seconds.
Begin MonoManager ReloadAssembly
Native extension for WindowsStandalone target not found
Native extension for WebGL target not found
Refreshing native plugins compatible for Editor in 0.24 ms, found 0 plugins.
Preloading 0 native plugins for Editor in 0.00 ms.
Mono: successfully reloaded assembly
- Completed reload, in  0.963 seconds
Platform modules already initialized, skipping
Refreshing native plugins compatible for Editor in 0.25 ms, found 0 plugins.
Preloading 0 native plugins for Editor in 0.00 ms.
Unloading 1113 Unused Serialized files (Serialized files now loaded: 0)
System memory in use before: 57.3 MB.
System memory in use after: 57.3 MB.

Unloading 5 unused Assets to reduce memory usage. Loaded Objects now: 1578.
Total: 2.667700 ms (FindLiveObjects: 0.221900 ms CreateObjectMapping: 0.094400 ms MarkObjects: 2.273000 ms  DeleteObjects: 0.076100 ms)

========================================================================
Received Prepare
Registering precompiled user dll's ...
Registered in 0.005609 seconds.
Begin MonoManager ReloadAssembly
Native extension for WindowsStandalone target not found
Native extension for WebGL target not found
Refreshing native plugins compatible for Editor in 0.23 ms, found 0 plugins.
Preloading 0 native plugins for Editor in 0.00 ms.
Mono: successfully reloaded assembly
- Completed reload, in  0.888 seconds
Platform modules already initialized, skipping
Refreshing native plugins compatible for Editor in 0.31 ms, found 0 plugins.
Preloading 0 native plugins for Editor in 0.00 ms.
Unloading 1113 Unused Serialized files (Serialized files now loaded: 0)
System memory in use before: 57.3 MB.
System memory in use after: 57.3 MB.

Unloading 5 unused Assets to reduce memory usage. Loaded Objects now: 1581.
Total: 3.082100 ms (FindLiveObjects: 0.223800 ms CreateObjectMapping: 0.048600 ms MarkObjects: 2.747500 ms  DeleteObjects: 0.061000 ms)

========================================================================
Received Import Request.
  Time since last request: 1896.758585 seconds.
  path: Assets/Materials
  artifactKey: Guid(0733c480be3f2124d9d0ff1929055772) Importer(815301076,1909f56bfc062723c751e8b465ee728b)
Start importing Assets/Materials using Guid(0733c480be3f2124d9d0ff1929055772) Importer(815301076,1909f56bfc062723c751e8b465ee728b)  -> (artifact id: '7583b46a0986adea2f43675fd014a839') in 0.037049 seconds
  Import took 0.041061 seconds .

========================================================================
Received Import Request.
  Time since last request: 0.000917 seconds.
  path: Assets/Materials
  artifactKey: Guid(0733c480be3f2124d9d0ff1929055772) Importer(815301076,1909f56bfc062723c751e8b465ee728b)
Start importing Assets/Materials using Guid(0733c480be3f2124d9d0ff1929055772) Importer(815301076,1909f56bfc062723c751e8b465ee728b)  -> (artifact id: '7583b46a0986adea2f43675fd014a839') in 0.007606 seconds
  Import took 0.012476 seconds .

========================================================================
Received Import Request.
  Time since last request: 17.857091 seconds.
  path: Assets/Materials/glass.mat
  artifactKey: Guid(b5cc55b918c418a46b469fdb10592d28) Importer(815301076,1909f56bfc062723c751e8b465ee728b)
Start importing Assets/Materials/glass.mat using Guid(b5cc55b918c418a46b469fdb10592d28) Importer(815301076,1909f56bfc062723c751e8b465ee728b)  -> (artifact id: '309f580c88d715a46f786cdf538972a3') in 0.170535 seconds
  Import took 0.174651 seconds .

========================================================================
Received Import Request.
  Time since last request: 467.456355 seconds.
  path: ProjectSettings/TagManager.asset
  artifactKey: Guid(00000000000000003000000000000000) Importer(815301076,1909f56bfc062723c751e8b465ee728b)
Start importing ProjectSettings/TagManager.asset using Guid(00000000000000003000000000000000) Importer(815301076,1909f56bfc062723c751e8b465ee728b)  -> (artifact id: 'a156aa21bd7d9999a877c97cfa1a15fd') in 0.013984 seconds
  Import took 0.017729 seconds .

========================================================================
Received Import Request.
  Time since last request: 0.000713 seconds.
  path: ProjectSettings/TagManager.asset
  artifactKey: Guid(00000000000000003000000000000000) Importer(815301076,1909f56bfc062723c751e8b465ee728b)
Start importing ProjectSettings/TagManager.asset using Guid(00000000000000003000000000000000) Importer(815301076,1909f56bfc062723c751e8b465ee728b)  -> (artifact id: 'a156aa21bd7d9999a877c97cfa1a15fd') in 0.012137 seconds
  Import took 0.020758 seconds .

========================================================================
Received Import Request.
  Time since last request: 1432.166988 seconds.
  path: Assets/Scr
  artifactKey: Guid(a6f18eb55166d2c40910c3246f509575) Importer(815301076,1909f56bfc062723c751e8b465ee728b)
Start importing Assets/Scr using Guid(a6f18eb55166d2c40910c3246f509575) Importer(815301076,1909f56bfc062723c751e8b465ee728b)  -> (artifact id: '15dbb6f87b6b50a50c305e0ffb8fa49c') in 0.028645 seconds
  Import took 0.039142 seconds .

========================================================================
Received Import Request.
  Time since last request: 9.735329 seconds.
  path: Assets/Script
  artifactKey: Guid(a6f18eb55166d2c40910c3246f509575) Importer(815301076,1909f56bfc062723c751e8b465ee728b)
Start importing Assets/Script using Guid(a6f18eb55166d2c40910c3246f509575) Importer(815301076,1909f56bfc062723c751e8b465ee728b)  -> (artifact id: 'f6fbf58d0cde9ac187ab6ca2655c42a0') in 0.020494 seconds
  Import took 0.025297 seconds .

========================================================================
Received Prepare
Registering precompiled user dll's ...
Registered in 0.000720 seconds.
Begin MonoManager ReloadAssembly
Native extension for WindowsStandalone target not found
Native extension for WebGL target not found
Refreshing native plugins compatible for Editor in 0.35 ms, found 0 plugins.
Preloading 0 native plugins for Editor in 0.00 ms.
Mono: successfully reloaded assembly
- Completed reload, in  1.488 seconds
Platform modules already initialized, skipping
Script is not up to date after domain reload: guid(b0d9d5a039f5cdc4da32256594370a15) path("Assets/playerball.cs") state(2)
Refreshing native plugins compatible for Editor in 0.35 ms, found 0 plugins.
Preloading 0 native plugins for Editor in 0.00 ms.
Unloading 1114 Unused Serialized files (Serialized files now loaded: 0)
System memory in use before: 60.6 MB.
System memory in use after: 60.7 MB.

Unloading 7 unused Assets to reduce memory usage. Loaded Objects now: 1625.
Total: 3.169900 ms (FindLiveObjects: 0.352500 ms CreateObjectMapping: 0.086600 ms MarkObjects: 2.665900 ms  DeleteObjects: 0.063200 ms)

========================================================================
Received Import Request.
  Time since last request: 33.721130 seconds.
  path: Assets/Script/Manager.cs
  artifactKey: Guid(1f6bd8ab7c15ce24e88323b06a6f199b) Importer(815301076,1909f56bfc062723c751e8b465ee728b)
Start importing Assets/Script/Manager.cs using Guid(1f6bd8ab7c15ce24e88323b06a6f199b) Importer(815301076,1909f56bfc062723c751e8b465ee728b)  -> (artifact id: 'b0c5c9f85384979e2df5b87acc3b508f') in 0.011579 seconds
  Import took 0.015064 seconds .

========================================================================
Received Import Request.
  Time since last request: 18.629147 seconds.
  path: Assets/playerball.cs
  artifactKey: Guid(b0d9d5a039f5cdc4da32256594370a15) Importer(815301076,1909f56bfc062723c751e8b465ee728b)
Start importing Assets/playerball.cs using Guid(b0d9d5a039f5cdc4da32256594370a15) Importer(815301076,1909f56bfc062723c751e8b465ee728b)  -> (artifact id: '21c1014ea727001196c7532312d8fd62') in 0.019158 seconds
  Import took 0.024296 seconds .

========================================================================
Received Import Request.
  Time since last request: 0.050252 seconds.
  path: Assets/playerball.cs
  artifactKey: Guid(b0d9d5a039f5cdc4da32256594370a15) Importer(815301076,1909f56bfc062723c751e8b465ee728b)
Start importing Assets/playerball.cs using Guid(b0d9d5a039f5cdc4da32256594370a15) Importer(815301076,1909f56bfc062723c751e8b465ee728b)  -> (artifact id: '21c1014ea727001196c7532312d8fd62') in 0.078554 seconds
  Import took 0.090269 seconds .

========================================================================
Received Prepare
Registering precompiled user dll's ...
Registered in 0.001605 seconds.
Begin MonoManager ReloadAssembly
Native extension for WindowsStandalone target not found
Native extension for WebGL target not found
Refreshing native plugins compatible for Editor in 0.28 ms, found 0 plugins.
Preloading 0 native plugins for Editor in 0.00 ms.
Mono: successfully reloaded assembly
- Completed reload, in  1.094 seconds
Platform modules already initialized, skipping
Refreshing native plugins compatible for Editor in 0.24 ms, found 0 plugins.
Preloading 0 native plugins for Editor in 0.00 ms.
Unloading 1114 Unused Serialized files (Serialized files now loaded: 0)
System memory in use before: 60.6 MB.
System memory in use after: 60.7 MB.

Unloading 6 unused Assets to reduce memory usage. Loaded Objects now: 1628.
Total: 2.821700 ms (FindLiveObjects: 0.158000 ms CreateObjectMapping: 0.035300 ms MarkObjects: 2.538900 ms  DeleteObjects: 0.087500 ms)

========================================================================
Received Prepare
Registering precompiled user dll's ...
Registered in 0.001028 seconds.
Begin MonoManager ReloadAssembly
Native extension for WindowsStandalone target not found
Native extension for WebGL target not found
Refreshing native plugins compatible for Editor in 0.32 ms, found 0 plugins.
Preloading 0 native plugins for Editor in 0.00 ms.
Mono: successfully reloaded assembly
- Completed reload, in  0.982 seconds
Platform modules already initialized, skipping
Refreshing native plugins compatible for Editor in 0.22 ms, found 0 plugins.
Preloading 0 native plugins for Editor in 0.00 ms.
Unloading 1114 Unused Serialized files (Serialized files now loaded: 0)
System memory in use before: 60.6 MB.
System memory in use after: 60.7 MB.

Unloading 5 unused Assets to reduce memory usage. Loaded Objects now: 1631.
Total: 3.107800 ms (FindLiveObjects: 0.177200 ms CreateObjectMapping: 0.046000 ms MarkObjects: 2.807500 ms  DeleteObjects: 0.075900 ms)

========================================================================
Received Import Request.
  Time since last request: 95.786160 seconds.
  path: Assets/Scr/itemSet.cs
  artifactKey: Guid(e3244174c6e7ead42899856969b31170) Importer(815301076,1909f56bfc062723c751e8b465ee728b)
Start importing Assets/Scr/itemSet.cs using Guid(e3244174c6e7ead42899856969b31170) Importer(815301076,1909f56bfc062723c751e8b465ee728b)  -> (artifact id: 'fb3ee51eeb66e4f21962b31f620e6ac1') in 0.030561 seconds
  Import took 0.042643 seconds .

========================================================================
Received Prepare
Registering precompiled user dll's ...
Registered in 0.000948 seconds.
Begin MonoManager ReloadAssembly
Native extension for WindowsStandalone target not found
Native extension for WebGL target not found
Refreshing native plugins compatible for Editor in 0.24 ms, found 0 plugins.
Preloading 0 native plugins for Editor in 0.00 ms.
Mono: successfully reloaded assembly
- Completed reload, in  1.187 seconds
Platform modules already initialized, skipping
Refreshing native plugins compatible for Editor in 0.34 ms, found 0 plugins.
Preloading 0 native plugins for Editor in 0.00 ms.
Unloading 1114 Unused Serialized files (Serialized files now loaded: 0)
System memory in use before: 60.6 MB.
System memory in use after: 60.7 MB.

Unloading 5 unused Assets to reduce memory usage. Loaded Objects now: 1634.
Total: 3.198100 ms (FindLiveObjects: 0.319300 ms CreateObjectMapping: 0.098600 ms MarkObjects: 2.666800 ms  DeleteObjects: 0.112500 ms)

========================================================================
Received Prepare
Registering precompiled user dll's ...
Registered in 0.001493 seconds.
Begin MonoManager ReloadAssembly
Native extension for WindowsStandalone target not found
Native extension for WebGL target not found
Refreshing native plugins compatible for Editor in 0.26 ms, found 0 plugins.
Preloading 0 native plugins for Editor in 0.00 ms.
Mono: successfully reloaded assembly
- Completed reload, in  0.830 seconds
Platform modules already initialized, skipping
Refreshing native plugins compatible for Editor in 0.26 ms, found 0 plugins.
Preloading 0 native plugins for Editor in 0.00 ms.
Unloading 1114 Unused Serialized files (Serialized files now loaded: 0)
System memory in use before: 60.6 MB.
System memory in use after: 60.7 MB.

Unloading 5 unused Assets to reduce memory usage. Loaded Objects now: 1637.
Total: 2.457600 ms (FindLiveObjects: 0.145400 ms CreateObjectMapping: 0.034200 ms MarkObjects: 2.152800 ms  DeleteObjects: 0.124100 ms)

========================================================================
Received Prepare
Registering precompiled user dll's ...
Registered in 0.001019 seconds.
Begin MonoManager ReloadAssembly
Native extension for WindowsStandalone target not found
Native extension for WebGL target not found
Refreshing native plugins compatible for Editor in 0.36 ms, found 0 plugins.
Preloading 0 native plugins for Editor in 0.00 ms.
Mono: successfully reloaded assembly
- Completed reload, in  1.198 seconds
Platform modules already initialized, skipping
Refreshing native plugins compatible for Editor in 0.23 ms, found 0 plugins.
Preloading 0 native plugins for Editor in 0.00 ms.
Unloading 1114 Unused Serialized files (Serialized files now loaded: 0)
System memory in use before: 60.7 MB.
System memory in use after: 60.7 MB.

Unloading 5 unused Assets to reduce memory usage. Loaded Objects now: 1640.
Total: 3.143200 ms (FindLiveObjects: 0.218000 ms CreateObjectMapping: 0.110900 ms MarkObjects: 2.703700 ms  DeleteObjects: 0.109100 ms)

========================================================================
Received Import Request.
  Time since last request: 400.579714 seconds.
  path: Assets/CasualGameSounds
  artifactKey: Guid(0aa1d541408d3f24ab6ce7ad1f8b364e) Importer(815301076,1909f56bfc062723c751e8b465ee728b)
Start importing Assets/CasualGameSounds using Guid(0aa1d541408d3f24ab6ce7ad1f8b364e) Importer(815301076,1909f56bfc062723c751e8b465ee728b)  -> (artifact id: 'fc34f0eb9d454f5c9d2df1e12238e2e4') in 0.029387 seconds
  Import took 0.032925 seconds .

========================================================================
Received Import Request.
  Time since last request: 3.381261 seconds.
  path: Assets/Scenes/SampleScene.unity
  artifactKey: Guid(9fc0d4010bbf28b4594072e72b8655ab) Importer(815301076,1909f56bfc062723c751e8b465ee728b)
Start importing Assets/Scenes/SampleScene.unity using Guid(9fc0d4010bbf28b4594072e72b8655ab) Importer(815301076,1909f56bfc062723c751e8b465ee728b)  -> (artifact id: '6b86f0ee16bff2ea1cd20c119b7997ad') in 0.043416 seconds
  Import took 0.054513 seconds .

========================================================================
Received Import Request.
  Time since last request: 13.805082 seconds.
  path: Assets/Scenes/example1.unity
  artifactKey: Guid(9fc0d4010bbf28b4594072e72b8655ab) Importer(815301076,1909f56bfc062723c751e8b465ee728b)
Start importing Assets/Scenes/example1.unity using Guid(9fc0d4010bbf28b4594072e72b8655ab) Importer(815301076,1909f56bfc062723c751e8b465ee728b)  -> (artifact id: '87a409e412ccd0e0058540aa8838268f') in 0.033695 seconds
  Import took 0.049253 seconds .

========================================================================
Received Import Request.
  Time since last request: 12.159641 seconds.
  path: Assets/Scenes/example.unity
  artifactKey: Guid(9fc0d4010bbf28b4594072e72b8655ab) Importer(815301076,1909f56bfc062723c751e8b465ee728b)
Start importing Assets/Scenes/example.unity using Guid(9fc0d4010bbf28b4594072e72b8655ab) Importer(815301076,1909f56bfc062723c751e8b465ee728b)  -> (artifact id: 'f10b51bbc553945bda9ccd8149994277') in 0.028297 seconds
  Import took 0.038000 seconds .

========================================================================
Received Import Request.
  Time since last request: 21.208986 seconds.
  path: Assets/Scr/playerball.cs
  artifactKey: Guid(b0d9d5a039f5cdc4da32256594370a15) Importer(815301076,1909f56bfc062723c751e8b465ee728b)
Start importing Assets/Scr/playerball.cs using Guid(b0d9d5a039f5cdc4da32256594370a15) Importer(815301076,1909f56bfc062723c751e8b465ee728b)  -> (artifact id: 'e4b17be63bc46ca3a15765fe5c794e2c') in 0.003348 seconds
  Import took 0.005735 seconds .

========================================================================
Received Import Request.
  Time since last request: 0.001438 seconds.
  path: Assets/Scr/playerball.cs
  artifactKey: Guid(b0d9d5a039f5cdc4da32256594370a15) Importer(815301076,1909f56bfc062723c751e8b465ee728b)
Start importing Assets/Scr/playerball.cs using Guid(b0d9d5a039f5cdc4da32256594370a15) Importer(815301076,1909f56bfc062723c751e8b465ee728b)  -> (artifact id: 'e4b17be63bc46ca3a15765fe5c794e2c') in 0.007144 seconds
  Import took 0.010094 seconds .

========================================================================
Received Prepare
Registering precompiled user dll's ...
Registered in 0.000874 seconds.
Begin MonoManager ReloadAssembly
Native extension for WindowsStandalone target not found
Native extension for WebGL target not found
Refreshing native plugins compatible for Editor in 0.25 ms, found 0 plugins.
Preloading 0 native plugins for Editor in 0.00 ms.
Mono: successfully reloaded assembly
- Completed reload, in  0.916 seconds
Platform modules already initialized, skipping
Refreshing native plugins compatible for Editor in 0.36 ms, found 0 plugins.
Preloading 0 native plugins for Editor in 0.00 ms.
Unloading 1114 Unused Serialized files (Serialized files now loaded: 0)
System memory in use before: 60.7 MB.
System memory in use after: 60.7 MB.

Unloading 5 unused Assets to reduce memory usage. Loaded Objects now: 1643.
Total: 2.627600 ms (FindLiveObjects: 0.127800 ms CreateObjectMapping: 0.027200 ms MarkObjects: 2.412800 ms  DeleteObjects: 0.058900 ms)

========================================================================
Received Prepare
Registering precompiled user dll's ...
Registered in 0.000832 seconds.
Begin MonoManager ReloadAssembly
Native extension for WindowsStandalone target not found
Native extension for WebGL target not found
Refreshing native plugins compatible for Editor in 0.23 ms, found 0 plugins.
Preloading 0 native plugins for Editor in 0.00 ms.
Mono: successfully reloaded assembly
- Completed reload, in  1.264 seconds
Platform modules already initialized, skipping
Refreshing native plugins compatible for Editor in 0.23 ms, found 0 plugins.
Preloading 0 native plugins for Editor in 0.00 ms.
Unloading 1114 Unused Serialized files (Serialized files now loaded: 0)
System memory in use before: 60.7 MB.
System memory in use after: 60.8 MB.

Unloading 5 unused Assets to reduce memory usage. Loaded Objects now: 1646.
Total: 3.493200 ms (FindLiveObjects: 0.340300 ms CreateObjectMapping: 0.116400 ms MarkObjects: 2.972100 ms  DeleteObjects: 0.063000 ms)

========================================================================
Received Import Request.
  Time since last request: 260.775374 seconds.
  path: Assets/Scenes/example2.unity
  artifactKey: Guid(57071f7351b3a81418a5de6434c9c2c9) Importer(815301076,1909f56bfc062723c751e8b465ee728b)
Start importing Assets/Scenes/example2.unity using Guid(57071f7351b3a81418a5de6434c9c2c9) Importer(815301076,1909f56bfc062723c751e8b465ee728b)  -> (artifact id: '38f00c626c7cea3d17d1605efcd32d59') in 0.047434 seconds
  Import took 0.050464 seconds .

========================================================================
Received Import Request.
  Time since last request: 0.008054 seconds.
  path: Assets/Scenes/example2.unity
  artifactKey: Guid(57071f7351b3a81418a5de6434c9c2c9) Importer(815301076,1909f56bfc062723c751e8b465ee728b)
Start importing Assets/Scenes/example2.unity using Guid(57071f7351b3a81418a5de6434c9c2c9) Importer(815301076,1909f56bfc062723c751e8b465ee728b)  -> (artifact id: '38f00c626c7cea3d17d1605efcd32d59') in 0.013176 seconds
  Import took 0.020570 seconds .

========================================================================
Received Import Request.
  Time since last request: 179.257464 seconds.
  path: Assets/Script/playerball.cs
  artifactKey: Guid(b0d9d5a039f5cdc4da32256594370a15) Importer(815301076,1909f56bfc062723c751e8b465ee728b)
Start importing Assets/Script/playerball.cs using Guid(b0d9d5a039f5cdc4da32256594370a15) Importer(815301076,1909f56bfc062723c751e8b465ee728b)  -> (artifact id: '6b5977d748397f2897718acd161f0fe8') in 0.003259 seconds
  Import took 0.006304 seconds .

========================================================================
Received Import Request.
  Time since last request: 0.008504 seconds.
  path: Assets/Script/playerball.cs
  artifactKey: Guid(b0d9d5a039f5cdc4da32256594370a15) Importer(815301076,1909f56bfc062723c751e8b465ee728b)
Start importing Assets/Script/playerball.cs using Guid(b0d9d5a039f5cdc4da32256594370a15) Importer(815301076,1909f56bfc062723c751e8b465ee728b)  -> (artifact id: '6b5977d748397f2897718acd161f0fe8') in 0.016733 seconds
  Import took 0.023279 seconds .

========================================================================
Received Import Request.
  Time since last request: 16.680749 seconds.
  path: Assets/Script/Manager.cs
  artifactKey: Guid(1f6bd8ab7c15ce24e88323b06a6f199b) Importer(815301076,1909f56bfc062723c751e8b465ee728b)
Start importing Assets/Script/Manager.cs using Guid(1f6bd8ab7c15ce24e88323b06a6f199b) Importer(815301076,1909f56bfc062723c751e8b465ee728b)  -> (artifact id: '203a9b7bb2e4a54c0e69e24d16f25b92') in 0.003974 seconds
  Import took 0.010903 seconds .

========================================================================
Received Import Request.
  Time since last request: 68.913380 seconds.
  path: Assets/Materials/glass.mat
  artifactKey: Guid(b5cc55b918c418a46b469fdb10592d28) Importer(815301076,1909f56bfc062723c751e8b465ee728b)
Start importing Assets/Materials/glass.mat using Guid(b5cc55b918c418a46b469fdb10592d28) Importer(815301076,1909f56bfc062723c751e8b465ee728b)  -> (artifact id: 'e019e4aa68e25ddee8f67ba039f7f307') in 0.128444 seconds
  Import took 0.138220 seconds .

========================================================================
Received Prepare
Registering precompiled user dll's ...
Registered in 0.004120 seconds.
Begin MonoManager ReloadAssembly
Native extension for WindowsStandalone target not found
Native extension for WebGL target not found
Refreshing native plugins compatible for Editor in 0.23 ms, found 0 plugins.
Preloading 0 native plugins for Editor in 0.00 ms.
Mono: successfully reloaded assembly
- Completed reload, in  0.911 seconds
Platform modules already initialized, skipping
Refreshing native plugins compatible for Editor in 0.27 ms, found 0 plugins.
Preloading 0 native plugins for Editor in 0.00 ms.
Unloading 1114 Unused Serialized files (Serialized files now loaded: 0)
System memory in use before: 60.7 MB.
System memory in use after: 60.8 MB.

Unloading 5 unused Assets to reduce memory usage. Loaded Objects now: 1650.
Total: 4.140600 ms (FindLiveObjects: 0.250300 ms CreateObjectMapping: 0.071900 ms MarkObjects: 3.742500 ms  DeleteObjects: 0.074300 ms)

========================================================================
Received Prepare
Registering precompiled user dll's ...
Registered in 0.008406 seconds.
Begin MonoManager ReloadAssembly
Native extension for WindowsStandalone target not found
Native extension for WebGL target not found
Refreshing native plugins compatible for Editor in 0.23 ms, found 0 plugins.
Preloading 0 native plugins for Editor in 0.00 ms.
Mono: successfully reloaded assembly
- Completed reload, in  1.036 seconds
Platform modules already initialized, skipping
Refreshing native plugins compatible for Editor in 0.25 ms, found 0 plugins.
Preloading 0 native plugins for Editor in 0.00 ms.
Unloading 1114 Unused Serialized files (Serialized files now loaded: 0)
System memory in use before: 60.7 MB.
System memory in use after: 60.8 MB.

Unloading 5 unused Assets to reduce memory usage. Loaded Objects now: 1653.
Total: 2.116600 ms (FindLiveObjects: 0.216500 ms CreateObjectMapping: 0.043800 ms MarkObjects: 1.802000 ms  DeleteObjects: 0.053000 ms)

========================================================================
Received Prepare
Registering precompiled user dll's ...
Registered in 0.000846 seconds.
Begin MonoManager ReloadAssembly
Native extension for WindowsStandalone target not found
Native extension for WebGL target not found
Refreshing native plugins compatible for Editor in 0.21 ms, found 0 plugins.
Preloading 0 native plugins for Editor in 0.00 ms.
Mono: successfully reloaded assembly
- Completed reload, in  0.878 seconds
Platform modules already initialized, skipping
Refreshing native plugins compatible for Editor in 0.28 ms, found 0 plugins.
Preloading 0 native plugins for Editor in 0.00 ms.
Unloading 1114 Unused Serialized files (Serialized files now loaded: 0)
System memory in use before: 60.7 MB.
System memory in use after: 60.8 MB.

Unloading 5 unused Assets to reduce memory usage. Loaded Objects now: 1656.
Total: 3.267800 ms (FindLiveObjects: 0.469400 ms CreateObjectMapping: 0.108000 ms MarkObjects: 2.619100 ms  DeleteObjects: 0.069300 ms)

========================================================================
Received Prepare
Registering precompiled user dll's ...
Registered in 0.002604 seconds.
Begin MonoManager ReloadAssembly
Native extension for WindowsStandalone target not found
Native extension for WebGL target not found
Refreshing native plugins compatible for Editor in 0.33 ms, found 0 plugins.
Preloading 0 native plugins for Editor in 0.00 ms.
Mono: successfully reloaded assembly
- Completed reload, in  0.974 seconds
Platform modules already initialized, skipping
Refreshing native plugins compatible for Editor in 0.30 ms, found 0 plugins.
Preloading 0 native plugins for Editor in 0.00 ms.
Unloading 1114 Unused Serialized files (Serialized files now loaded: 0)
System memory in use before: 60.7 MB.
System memory in use after: 60.8 MB.

Unloading 5 unused Assets to reduce memory usage. Loaded Objects now: 1659.
Total: 2.690300 ms (FindLiveObjects: 0.280000 ms CreateObjectMapping: 0.150000 ms MarkObjects: 2.191500 ms  DeleteObjects: 0.066500 ms)

========================================================================
Received Import Request.
  Time since last request: 1374.149245 seconds.
  path: Assets/Scenes/example1.unity
  artifactKey: Guid(9fc0d4010bbf28b4594072e72b8655ab) Importer(815301076,1909f56bfc062723c751e8b465ee728b)
Start importing Assets/Scenes/example1.unity using Guid(9fc0d4010bbf28b4594072e72b8655ab) Importer(815301076,1909f56bfc062723c751e8b465ee728b)  -> (artifact id: '0eee6fcb4a6fa79e194f0cc5b0ec6656') in 0.038737 seconds
  Import took 0.045197 seconds .

========================================================================
Received Prepare
Registering precompiled user dll's ...
Registered in 0.000822 seconds.
Begin MonoManager ReloadAssembly
Native extension for WindowsStandalone target not found
Native extension for WebGL target not found
Refreshing native plugins compatible for Editor in 0.24 ms, found 0 plugins.
Preloading 0 native plugins for Editor in 0.00 ms.
Mono: successfully reloaded assembly
- Completed reload, in  0.922 seconds
Platform modules already initialized, skipping
Refreshing native plugins compatible for Editor in 0.25 ms, found 0 plugins.
Preloading 0 native plugins for Editor in 0.00 ms.
Unloading 1114 Unused Serialized files (Serialized files now loaded: 0)
System memory in use before: 60.7 MB.
System memory in use after: 60.8 MB.

Unloading 5 unused Assets to reduce memory usage. Loaded Objects now: 1662.
Total: 9.785000 ms (FindLiveObjects: 0.551800 ms CreateObjectMapping: 0.148800 ms MarkObjects: 8.740600 ms  DeleteObjects: 0.340100 ms)

========================================================================
Received Prepare
Registering precompiled user dll's ...
Registered in 0.003252 seconds.
Begin MonoManager ReloadAssembly
Native extension for WindowsStandalone target not found
Native extension for WebGL target not found
Refreshing native plugins compatible for Editor in 0.25 ms, found 0 plugins.
Preloading 0 native plugins for Editor in 0.00 ms.
Mono: successfully reloaded assembly
- Completed reload, in  1.325 seconds
Platform modules already initialized, skipping
Refreshing native plugins compatible for Editor in 0.25 ms, found 0 plugins.
Preloading 0 native plugins for Editor in 0.00 ms.
Unloading 1114 Unused Serialized files (Serialized files now loaded: 0)
System memory in use before: 60.7 MB.
System memory in use after: 60.8 MB.

Unloading 5 unused Assets to reduce memory usage. Loaded Objects now: 1665.
Total: 3.123900 ms (FindLiveObjects: 0.217000 ms CreateObjectMapping: 0.058700 ms MarkObjects: 2.754600 ms  DeleteObjects: 0.092600 ms)

========================================================================
Received Prepare
Registering precompiled user dll's ...
Registered in 0.001288 seconds.
Begin MonoManager ReloadAssembly
Native extension for WindowsStandalone target not found
Native extension for WebGL target not found
Refreshing native plugins compatible for Editor in 0.24 ms, found 0 plugins.
Preloading 0 native plugins for Editor in 0.00 ms.
Mono: successfully reloaded assembly
- Completed reload, in  0.901 seconds
Platform modules already initialized, skipping
Refreshing native plugins compatible for Editor in 0.26 ms, found 0 plugins.
Preloading 0 native plugins for Editor in 0.00 ms.
Unloading 1114 Unused Serialized files (Serialized files now loaded: 0)
System memory in use before: 60.8 MB.
System memory in use after: 60.8 MB.

Unloading 5 unused Assets to reduce memory usage. Loaded Objects now: 1668.
Total: 3.264800 ms (FindLiveObjects: 0.174500 ms CreateObjectMapping: 0.032700 ms MarkObjects: 2.965900 ms  DeleteObjects: 0.088900 ms)

========================================================================
Received Import Request.
  Time since last request: 295.885491 seconds.
  path: Assets/Scenes/example1.unity
  artifactKey: Guid(9fc0d4010bbf28b4594072e72b8655ab) Importer(815301076,1909f56bfc062723c751e8b465ee728b)
Start importing Assets/Scenes/example1.unity using Guid(9fc0d4010bbf28b4594072e72b8655ab) Importer(815301076,1909f56bfc062723c751e8b465ee728b)  -> (artifact id: 'd64453ab75273a7fc9c448e376b6e4a2') in 0.043099 seconds
  Import took 0.055123 seconds .

========================================================================
Received Prepare
Registering precompiled user dll's ...
Registered in 0.001774 seconds.
Begin MonoManager ReloadAssembly
Native extension for WindowsStandalone target not found
Native extension for WebGL target not found
Refreshing native plugins compatible for Editor in 0.22 ms, found 0 plugins.
Preloading 0 native plugins for Editor in 0.00 ms.
Mono: successfully reloaded assembly
- Completed reload, in  0.979 seconds
Platform modules already initialized, skipping
Refreshing native plugins compatible for Editor in 0.28 ms, found 0 plugins.
Preloading 0 native plugins for Editor in 0.00 ms.
Unloading 1114 Unused Serialized files (Serialized files now loaded: 0)
System memory in use before: 60.8 MB.
System memory in use after: 60.9 MB.

Unloading 5 unused Assets to reduce memory usage. Loaded Objects now: 1671.
Total: 2.273600 ms (FindLiveObjects: 0.264600 ms CreateObjectMapping: 0.066300 ms MarkObjects: 1.884900 ms  DeleteObjects: 0.055300 ms)

========================================================================
Received Prepare
Registering precompiled user dll's ...
Registered in 0.000786 seconds.
Begin MonoManager ReloadAssembly
Native extension for WindowsStandalone target not found
Native extension for WebGL target not found
Refreshing native plugins compatible for Editor in 0.31 ms, found 0 plugins.
Preloading 0 native plugins for Editor in 0.00 ms.
Mono: successfully reloaded assembly
- Completed reload, in  1.123 seconds
Platform modules already initialized, skipping
Refreshing native plugins compatible for Editor in 0.21 ms, found 0 plugins.
Preloading 0 native plugins for Editor in 0.00 ms.
Unloading 1114 Unused Serialized files (Serialized files now loaded: 0)
System memory in use before: 60.8 MB.
System memory in use after: 60.9 MB.

Unloading 5 unused Assets to reduce memory usage. Loaded Objects now: 1674.
Total: 1.909500 ms (FindLiveObjects: 0.207700 ms CreateObjectMapping: 0.041700 ms MarkObjects: 1.603700 ms  DeleteObjects: 0.055100 ms)

========================================================================
Received Prepare
Registering precompiled user dll's ...
Registered in 0.001019 seconds.
Begin MonoManager ReloadAssembly
Native extension for WindowsStandalone target not found
Native extension for WebGL target not found
Refreshing native plugins compatible for Editor in 0.21 ms, found 0 plugins.
Preloading 0 native plugins for Editor in 0.00 ms.
Mono: successfully reloaded assembly
- Completed reload, in  1.002 seconds
Platform modules already initialized, skipping
Refreshing native plugins compatible for Editor in 0.21 ms, found 0 plugins.
Preloading 0 native plugins for Editor in 0.00 ms.
Unloading 1114 Unused Serialized files (Serialized files now loaded: 0)
System memory in use before: 60.8 MB.
System memory in use after: 60.9 MB.

Unloading 5 unused Assets to reduce memory usage. Loaded Objects now: 1677.
Total: 2.130900 ms (FindLiveObjects: 0.153300 ms CreateObjectMapping: 0.035500 ms MarkObjects: 1.869100 ms  DeleteObjects: 0.071700 ms)

========================================================================
Received Prepare
Registering precompiled user dll's ...
Registered in 0.000825 seconds.
Begin MonoManager ReloadAssembly
Native extension for WindowsStandalone target not found
Native extension for WebGL target not found
Refreshing native plugins compatible for Editor in 0.26 ms, found 0 plugins.
Preloading 0 native plugins for Editor in 0.00 ms.
Mono: successfully reloaded assembly
- Completed reload, in  0.846 seconds
Platform modules already initialized, skipping
Refreshing native plugins compatible for Editor in 0.32 ms, found 0 plugins.
Preloading 0 native plugins for Editor in 0.00 ms.
Unloading 1114 Unused Serialized files (Serialized files now loaded: 0)
System memory in use before: 60.8 MB.
System memory in use after: 60.9 MB.

Unloading 5 unused Assets to reduce memory usage. Loaded Objects now: 1680.
Total: 3.154900 ms (FindLiveObjects: 0.352500 ms CreateObjectMapping: 0.115000 ms MarkObjects: 2.614300 ms  DeleteObjects: 0.071400 ms)

========================================================================
Received Prepare
Registering precompiled user dll's ...
Registered in 0.000677 seconds.
Begin MonoManager ReloadAssembly
Native extension for WindowsStandalone target not found
Native extension for WebGL target not found
Refreshing native plugins compatible for Editor in 0.27 ms, found 0 plugins.
Preloading 0 native plugins for Editor in 0.00 ms.
Mono: successfully reloaded assembly
- Completed reload, in  0.951 seconds
Platform modules already initialized, skipping
Refreshing native plugins compatible for Editor in 0.22 ms, found 0 plugins.
Preloading 0 native plugins for Editor in 0.00 ms.
Unloading 1114 Unused Serialized files (Serialized files now loaded: 0)
System memory in use before: 60.8 MB.
System memory in use after: 60.9 MB.

Unloading 5 unused Assets to reduce memory usage. Loaded Objects now: 1683.
Total: 3.630100 ms (FindLiveObjects: 0.218800 ms CreateObjectMapping: 0.050700 ms MarkObjects: 3.293000 ms  DeleteObjects: 0.066500 ms)

========================================================================
Received Prepare
Registering precompiled user dll's ...
Registered in 0.001348 seconds.
Begin MonoManager ReloadAssembly
Native extension for WindowsStandalone target not found
Native extension for WebGL target not found
Refreshing native plugins compatible for Editor in 0.27 ms, found 0 plugins.
Preloading 0 native plugins for Editor in 0.00 ms.
Mono: successfully reloaded assembly
- Completed reload, in  0.867 seconds
Platform modules already initialized, skipping
Refreshing native plugins compatible for Editor in 0.26 ms, found 0 plugins.
Preloading 0 native plugins for Editor in 0.00 ms.
Unloading 1114 Unused Serialized files (Serialized files now loaded: 0)
System memory in use before: 60.8 MB.
System memory in use after: 60.9 MB.

Unloading 5 unused Assets to reduce memory usage. Loaded Objects now: 1686.
Total: 3.555800 ms (FindLiveObjects: 0.411400 ms CreateObjectMapping: 0.093600 ms MarkObjects: 2.965700 ms  DeleteObjects: 0.084100 ms)

========================================================================
Received Prepare
Registering precompiled user dll's ...
Registered in 0.000682 seconds.
Begin MonoManager ReloadAssembly
Native extension for WindowsStandalone target not found
Native extension for WebGL target not found
Refreshing native plugins compatible for Editor in 0.25 ms, found 0 plugins.
Preloading 0 native plugins for Editor in 0.00 ms.
Mono: successfully reloaded assembly
- Completed reload, in  1.068 seconds
Platform modules already initialized, skipping
Refreshing native plugins compatible for Editor in 0.23 ms, found 0 plugins.
Preloading 0 native plugins for Editor in 0.00 ms.
Unloading 1114 Unused Serialized files (Serialized files now loaded: 0)
System memory in use before: 60.8 MB.
System memory in use after: 60.9 MB.

Unloading 5 unused Assets to reduce memory usage. Loaded Objects now: 1689.
Total: 3.257900 ms (FindLiveObjects: 0.324900 ms CreateObjectMapping: 0.070400 ms MarkObjects: 2.777400 ms  DeleteObjects: 0.084000 ms)

========================================================================
Received Prepare
Registering precompiled user dll's ...
Registered in 0.000789 seconds.
Begin MonoManager ReloadAssembly
Native extension for WindowsStandalone target not found
Native extension for WebGL target not found
Refreshing native plugins compatible for Editor in 0.63 ms, found 0 plugins.
Preloading 0 native plugins for Editor in 0.00 ms.
Mono: successfully reloaded assembly
- Completed reload, in  0.800 seconds
Platform modules already initialized, skipping
Refreshing native plugins compatible for Editor in 0.21 ms, found 0 plugins.
Preloading 0 native plugins for Editor in 0.00 ms.
Unloading 1114 Unused Serialized files (Serialized files now loaded: 0)
System memory in use before: 60.9 MB.
System memory in use after: 60.9 MB.

Unloading 5 unused Assets to reduce memory usage. Loaded Objects now: 1692.
Total: 3.054200 ms (FindLiveObjects: 0.371500 ms CreateObjectMapping: 0.113700 ms MarkObjects: 2.514000 ms  DeleteObjects: 0.053100 ms)

========================================================================
Received Import Request.
  Time since last request: 5612.367203 seconds.
  path: Assets/Materials/floor.mat
  artifactKey: Guid(fe3731e8049f08d4da9a112a9d5ab740) Importer(815301076,1909f56bfc062723c751e8b465ee728b)
Start importing Assets/Materials/floor.mat using Guid(fe3731e8049f08d4da9a112a9d5ab740) Importer(815301076,1909f56bfc062723c751e8b465ee728b)  -> (artifact id: 'e17e2d375cc9ead4ae2717f98815647e') in 0.073499 seconds
  Import took 0.078224 seconds .

========================================================================
Received Import Request.
  Time since last request: 19.993516 seconds.
  path: Assets/Materials/floor.mat
  artifactKey: Guid(fe3731e8049f08d4da9a112a9d5ab740) Importer(815301076,1909f56bfc062723c751e8b465ee728b)
Start importing Assets/Materials/floor.mat using Guid(fe3731e8049f08d4da9a112a9d5ab740) Importer(815301076,1909f56bfc062723c751e8b465ee728b)  -> (artifact id: 'f1ac44feb0020efc3861229a6eafecfa') in 0.093735 seconds
  Import took 0.100927 seconds .

========================================================================
Received Prepare
Registering precompiled user dll's ...
Registered in 0.002362 seconds.
Begin MonoManager ReloadAssembly
Native extension for WindowsStandalone target not found
Native extension for WebGL target not found
Refreshing native plugins compatible for Editor in 0.23 ms, found 0 plugins.
Preloading 0 native plugins for Editor in 0.00 ms.
Mono: successfully reloaded assembly
- Completed reload, in  1.274 seconds
Platform modules already initialized, skipping
Refreshing native plugins compatible for Editor in 0.58 ms, found 0 plugins.
Preloading 0 native plugins for Editor in 0.00 ms.
Unloading 1114 Unused Serialized files (Serialized files now loaded: 0)
System memory in use before: 60.9 MB.
System memory in use after: 60.9 MB.

Unloading 5 unused Assets to reduce memory usage. Loaded Objects now: 1696.
Total: 2.052600 ms (FindLiveObjects: 0.142900 ms CreateObjectMapping: 0.034100 ms MarkObjects: 1.795700 ms  DeleteObjects: 0.078200 ms)

========================================================================
Received Import Request.
  Time since last request: 548.671936 seconds.
  path: Assets/Scenes/example3.unity
  artifactKey: Guid(ae51ebdfea41d3243a499c9c2d219580) Importer(815301076,1909f56bfc062723c751e8b465ee728b)
Start importing Assets/Scenes/example3.unity using Guid(ae51ebdfea41d3243a499c9c2d219580) Importer(815301076,1909f56bfc062723c751e8b465ee728b)  -> (artifact id: '3dc08fe547e9093cb3ea6d4c970cc5e9') in 0.064457 seconds
  Import took 0.077478 seconds .

========================================================================
Received Import Request.
  Time since last request: 19.752584 seconds.
  path: Assets/Scenes/example2.unity
  artifactKey: Guid(57071f7351b3a81418a5de6434c9c2c9) Importer(815301076,1909f56bfc062723c751e8b465ee728b)
Start importing Assets/Scenes/example2.unity using Guid(57071f7351b3a81418a5de6434c9c2c9) Importer(815301076,1909f56bfc062723c751e8b465ee728b)  -> (artifact id: 'f67e8175d4e2954512570c79af40d184') in 0.032676 seconds
  Import took 0.039561 seconds .

========================================================================
Received Import Request.
  Time since last request: 4.213895 seconds.
  path: Assets/Scenes/example1.unity
  artifactKey: Guid(9fc0d4010bbf28b4594072e72b8655ab) Importer(815301076,1909f56bfc062723c751e8b465ee728b)
Start importing Assets/Scenes/example1.unity using Guid(9fc0d4010bbf28b4594072e72b8655ab) Importer(815301076,1909f56bfc062723c751e8b465ee728b)  -> (artifact id: '8b4fd47dab34524cd69294d302c46d89') in 0.016762 seconds
  Import took 0.028294 seconds .

========================================================================
Received Import Request.
  Time since last request: 14.657053 seconds.
  path: Assets/Scenes/example3.unity
  artifactKey: Guid(ae51ebdfea41d3243a499c9c2d219580) Importer(815301076,1909f56bfc062723c751e8b465ee728b)
Start importing Assets/Scenes/example3.unity using Guid(ae51ebdfea41d3243a499c9c2d219580) Importer(815301076,1909f56bfc062723c751e8b465ee728b)  -> (artifact id: '3e8f974a9c9164f8110726c07dc47ead') in 0.017076 seconds
  Import took 0.040061 seconds .

========================================================================
Received Import Request.
  Time since last request: 172.388339 seconds.
  path: Assets/Scenes/example3.unity
  artifactKey: Guid(ae51ebdfea41d3243a499c9c2d219580) Importer(815301076,1909f56bfc062723c751e8b465ee728b)
Start importing Assets/Scenes/example3.unity using Guid(ae51ebdfea41d3243a499c9c2d219580) Importer(815301076,1909f56bfc062723c751e8b465ee728b)  -> (artifact id: '9bcf2fbd53638f4d7d3f341d73d4d99e') in 0.010249 seconds
  Import took 0.028418 seconds .

========================================================================
Received Prepare
Registering precompiled user dll's ...
Registered in 0.000769 seconds.
Begin MonoManager ReloadAssembly
Native extension for WindowsStandalone target not found
Native extension for WebGL target not found
Refreshing native plugins compatible for Editor in 0.86 ms, found 0 plugins.
Preloading 0 native plugins for Editor in 0.00 ms.
Mono: successfully reloaded assembly
- Completed reload, in  0.892 seconds
Platform modules already initialized, skipping
Refreshing native plugins compatible for Editor in 0.20 ms, found 0 plugins.
Preloading 0 native plugins for Editor in 0.00 ms.
Unloading 1114 Unused Serialized files (Serialized files now loaded: 0)
System memory in use before: 60.9 MB.
System memory in use after: 61.0 MB.

Unloading 5 unused Assets to reduce memory usage. Loaded Objects now: 1699.
Total: 2.645300 ms (FindLiveObjects: 0.134000 ms CreateObjectMapping: 0.027400 ms MarkObjects: 2.422600 ms  DeleteObjects: 0.060200 ms)

========================================================================
Received Import Request.
  Time since last request: 69.687983 seconds.
  path: Assets/Scenes/example2.unity
  artifactKey: Guid(57071f7351b3a81418a5de6434c9c2c9) Importer(815301076,1909f56bfc062723c751e8b465ee728b)
Start importing Assets/Scenes/example2.unity using Guid(57071f7351b3a81418a5de6434c9c2c9) Importer(815301076,1909f56bfc062723c751e8b465ee728b)  -> (artifact id: '6d688548151270849491b0dcf23b277c') in 0.038641 seconds
  Import took 0.044349 seconds .

========================================================================
Received Prepare
Registering precompiled user dll's ...
Registered in 0.001009 seconds.
Begin MonoManager ReloadAssembly
Native extension for WindowsStandalone target not found
Native extension for WebGL target not found
Refreshing native plugins compatible for Editor in 0.28 ms, found 0 plugins.
Preloading 0 native plugins for Editor in 0.00 ms.
Mono: successfully reloaded assembly
- Completed reload, in  1.620 seconds
Platform modules already initialized, skipping
Refreshing native plugins compatible for Editor in 0.31 ms, found 0 plugins.
Preloading 0 native plugins for Editor in 0.00 ms.
Unloading 1114 Unused Serialized files (Serialized files now loaded: 0)
System memory in use before: 60.9 MB.
System memory in use after: 61.0 MB.

Unloading 5 unused Assets to reduce memory usage. Loaded Objects now: 1702.
Total: 2.369300 ms (FindLiveObjects: 0.267400 ms CreateObjectMapping: 0.040200 ms MarkObjects: 1.991400 ms  DeleteObjects: 0.069300 ms)

========================================================================
Received Prepare
Registering precompiled user dll's ...
Registered in 0.000996 seconds.
Begin MonoManager ReloadAssembly
Native extension for WindowsStandalone target not found
Native extension for WebGL target not found
Refreshing native plugins compatible for Editor in 0.35 ms, found 0 plugins.
Preloading 0 native plugins for Editor in 0.00 ms.
Mono: successfully reloaded assembly
- Completed reload, in  1.074 seconds
Platform modules already initialized, skipping
Refreshing native plugins compatible for Editor in 0.22 ms, found 0 plugins.
Preloading 0 native plugins for Editor in 0.00 ms.
Unloading 1114 Unused Serialized files (Serialized files now loaded: 0)
System memory in use before: 60.9 MB.
System memory in use after: 61.0 MB.

Unloading 5 unused Assets to reduce memory usage. Loaded Objects now: 1705.
Total: 2.717900 ms (FindLiveObjects: 0.274400 ms CreateObjectMapping: 0.043300 ms MarkObjects: 2.339100 ms  DeleteObjects: 0.059800 ms)

========================================================================
Received Prepare
Registering precompiled user dll's ...
Registered in 0.000897 seconds.
Begin MonoManager ReloadAssembly
Native extension for WindowsStandalone target not found
Native extension for WebGL target not found
Refreshing native plugins compatible for Editor in 0.23 ms, found 0 plugins.
Preloading 0 native plugins for Editor in 0.00 ms.
Mono: successfully reloaded assembly
- Completed reload, in  0.839 seconds
Platform modules already initialized, skipping
Refreshing native plugins compatible for Editor in 0.24 ms, found 0 plugins.
Preloading 0 native plugins for Editor in 0.00 ms.
Unloading 1114 Unused Serialized files (Serialized files now loaded: 0)
System memory in use before: 60.9 MB.
System memory in use after: 61.0 MB.

Unloading 5 unused Assets to reduce memory usage. Loaded Objects now: 1708.
Total: 8.907800 ms (FindLiveObjects: 0.898700 ms CreateObjectMapping: 0.399800 ms MarkObjects: 7.344200 ms  DeleteObjects: 0.258600 ms)

========================================================================
Received Import Request.
  Time since last request: 713.470885 seconds.
  path: Assets/Scenes/example3.unity
  artifactKey: Guid(ae51ebdfea41d3243a499c9c2d219580) Importer(815301076,1909f56bfc062723c751e8b465ee728b)
Start importing Assets/Scenes/example3.unity using Guid(ae51ebdfea41d3243a499c9c2d219580) Importer(815301076,1909f56bfc062723c751e8b465ee728b)  -> (artifact id: '7a28e8d55a7ee4c230247b87d9ce2ecb') in 0.037335 seconds
  Import took 0.050898 seconds .

========================================================================
Received Import Request.
  Time since last request: 214.445609 seconds.
  path: Assets/Scenes/example1.unity
  artifactKey: Guid(9fc0d4010bbf28b4594072e72b8655ab) Importer(815301076,1909f56bfc062723c751e8b465ee728b)
Start importing Assets/Scenes/example1.unity using Guid(9fc0d4010bbf28b4594072e72b8655ab) Importer(815301076,1909f56bfc062723c751e8b465ee728b)  -> (artifact id: '2230ba61390a2c7c351c677713b83f93') in 0.013308 seconds
  Import took 0.021152 seconds .

========================================================================
Received Prepare
Registering precompiled user dll's ...
Registered in 0.001902 seconds.
Begin MonoManager ReloadAssembly
Native extension for WindowsStandalone target not found
Native extension for WebGL target not found
Refreshing native plugins compatible for Editor in 0.23 ms, found 0 plugins.
Preloading 0 native plugins for Editor in 0.00 ms.
Mono: successfully reloaded assembly
- Completed reload, in  1.363 seconds
Platform modules already initialized, skipping
Refreshing native plugins compatible for Editor in 0.26 ms, found 0 plugins.
Preloading 0 native plugins for Editor in 0.00 ms.
Unloading 1114 Unused Serialized files (Serialized files now loaded: 0)
System memory in use before: 60.9 MB.
System memory in use after: 61.0 MB.

Unloading 5 unused Assets to reduce memory usage. Loaded Objects now: 1711.
Total: 3.229800 ms (FindLiveObjects: 0.293600 ms CreateObjectMapping: 0.086000 ms MarkObjects: 2.743300 ms  DeleteObjects: 0.105800 ms)

========================================================================
Received Import Request.
  Time since last request: 71.748277 seconds.
  path: Assets/Scenes/example2.unity
  artifactKey: Guid(57071f7351b3a81418a5de6434c9c2c9) Importer(815301076,1909f56bfc062723c751e8b465ee728b)
Start importing Assets/Scenes/example2.unity using Guid(57071f7351b3a81418a5de6434c9c2c9) Importer(815301076,1909f56bfc062723c751e8b465ee728b)  -> (artifact id: '2fde17872083a0c79812bb08f7873f62') in 0.040501 seconds
  Import took 0.053225 seconds .

========================================================================
Received Import Request.
  Time since last request: 14.930827 seconds.
  path: Assets/Scenes/example3.unity
  artifactKey: Guid(ae51ebdfea41d3243a499c9c2d219580) Importer(815301076,1909f56bfc062723c751e8b465ee728b)
Start importing Assets/Scenes/example3.unity using Guid(ae51ebdfea41d3243a499c9c2d219580) Importer(815301076,1909f56bfc062723c751e8b465ee728b)  -> (artifact id: 'df96abdbf3563bb77c84612092794210') in 0.015256 seconds
  Import took 0.022538 seconds .

========================================================================
Received Import Request.
  Time since last request: 7.907751 seconds.
  path: Assets/Scenes/example2.unity
  artifactKey: Guid(57071f7351b3a81418a5de6434c9c2c9) Importer(815301076,1909f56bfc062723c751e8b465ee728b)
Start importing Assets/Scenes/example2.unity using Guid(57071f7351b3a81418a5de6434c9c2c9) Importer(815301076,1909f56bfc062723c751e8b465ee728b)  -> (artifact id: 'dbd65f5660f773f50fdb3fe33bc869b6') in 0.008837 seconds
  Import took 0.015966 seconds .

========================================================================
Received Import Request.
  Time since last request: 10.529536 seconds.
  path: Assets/Scenes/example3.unity
  artifactKey: Guid(ae51ebdfea41d3243a499c9c2d219580) Importer(815301076,1909f56bfc062723c751e8b465ee728b)
Start importing Assets/Scenes/example3.unity using Guid(ae51ebdfea41d3243a499c9c2d219580) Importer(815301076,1909f56bfc062723c751e8b465ee728b)  -> (artifact id: 'f83fcc76b2760048e2b2401828d87089') in 0.012283 seconds
  Import took 0.016847 seconds .

========================================================================
Received Import Request.
  Time since last request: 14.515652 seconds.
  path: Assets/Scenes/example1.unity
  artifactKey: Guid(9fc0d4010bbf28b4594072e72b8655ab) Importer(815301076,1909f56bfc062723c751e8b465ee728b)
Start importing Assets/Scenes/example1.unity using Guid(9fc0d4010bbf28b4594072e72b8655ab) Importer(815301076,1909f56bfc062723c751e8b465ee728b)  -> (artifact id: '0bb44de4f27fd943d6aaba88774fbe1b') in 0.016224 seconds
  Import took 0.024916 seconds .

========================================================================
Received Import Request.
  Time since last request: 4.250408 seconds.
  path: Assets/Scenes/example3.unity
  artifactKey: Guid(ae51ebdfea41d3243a499c9c2d219580) Importer(815301076,1909f56bfc062723c751e8b465ee728b)
Start importing Assets/Scenes/example3.unity using Guid(ae51ebdfea41d3243a499c9c2d219580) Importer(815301076,1909f56bfc062723c751e8b465ee728b)  -> (artifact id: '6efd8ea9d5945bd2500243490abe8866') in 0.011293 seconds
  Import took 0.016452 seconds .

========================================================================
Received Prepare
Registering precompiled user dll's ...
Registered in 0.002669 seconds.
Begin MonoManager ReloadAssembly
Native extension for WindowsStandalone target not found
Native extension for WebGL target not found
Refreshing native plugins compatible for Editor in 0.23 ms, found 0 plugins.
Preloading 0 native plugins for Editor in 0.00 ms.
Mono: successfully reloaded assembly
- Completed reload, in  1.418 seconds
Platform modules already initialized, skipping
Refreshing native plugins compatible for Editor in 0.23 ms, found 0 plugins.
Preloading 0 native plugins for Editor in 0.00 ms.
Unloading 1114 Unused Serialized files (Serialized files now loaded: 0)
System memory in use before: 61.0 MB.
System memory in use after: 61.1 MB.

Unloading 5 unused Assets to reduce memory usage. Loaded Objects now: 1714.
Total: 3.663000 ms (FindLiveObjects: 0.185000 ms CreateObjectMapping: 0.029400 ms MarkObjects: 3.376800 ms  DeleteObjects: 0.069400 ms)

========================================================================
Received Prepare
Registering precompiled user dll's ...
Registered in 0.000875 seconds.
Begin MonoManager ReloadAssembly
Native extension for WindowsStandalone target not found
Native extension for WebGL target not found
Refreshing native plugins compatible for Editor in 0.32 ms, found 0 plugins.
Preloading 0 native plugins for Editor in 0.00 ms.
Mono: successfully reloaded assembly
- Completed reload, in  0.809 seconds
Platform modules already initialized, skipping
Refreshing native plugins compatible for Editor in 0.28 ms, found 0 plugins.
Preloading 0 native plugins for Editor in 0.00 ms.
Unloading 1114 Unused Serialized files (Serialized files now loaded: 0)
System memory in use before: 61.0 MB.
System memory in use after: 61.1 MB.

Unloading 5 unused Assets to reduce memory usage. Loaded Objects now: 1717.
Total: 2.774200 ms (FindLiveObjects: 0.371000 ms CreateObjectMapping: 0.100300 ms MarkObjects: 2.227900 ms  DeleteObjects: 0.074200 ms)

========================================================================
Received Import Request.
  Time since last request: 127.667523 seconds.
  path: Assets/Scenes/example2.unity
  artifactKey: Guid(57071f7351b3a81418a5de6434c9c2c9) Importer(815301076,1909f56bfc062723c751e8b465ee728b)
Start importing Assets/Scenes/example2.unity using Guid(57071f7351b3a81418a5de6434c9c2c9) Importer(815301076,1909f56bfc062723c751e8b465ee728b)  -> (artifact id: '49e12c8e3d51969a7370cd2b6ebc783f') in 0.042723 seconds
  Import took 0.057431 seconds .

========================================================================
Received Import Request.
  Time since last request: 4.273047 seconds.
  path: Assets/Scenes/example1.unity
  artifactKey: Guid(9fc0d4010bbf28b4594072e72b8655ab) Importer(815301076,1909f56bfc062723c751e8b465ee728b)
Start importing Assets/Scenes/example1.unity using Guid(9fc0d4010bbf28b4594072e72b8655ab) Importer(815301076,1909f56bfc062723c751e8b465ee728b)  -> (artifact id: '7c29e2821046826b7f2c8faec65d9c44') in 0.018497 seconds
  Import took 0.025342 seconds .

========================================================================
Received Import Request.
  Time since last request: 17.736257 seconds.
  path: Assets/Scenes/example1.unity
  artifactKey: Guid(9fc0d4010bbf28b4594072e72b8655ab) Importer(815301076,1909f56bfc062723c751e8b465ee728b)
Start importing Assets/Scenes/example1.unity using Guid(9fc0d4010bbf28b4594072e72b8655ab) Importer(815301076,1909f56bfc062723c751e8b465ee728b)  -> (artifact id: 'bf57663c421e630bc21facae44610eda') in 0.013352 seconds
  Import took 0.020872 seconds .

========================================================================
Received Import Request.
  Time since last request: 265.428329 seconds.
  path: Assets/Scenes/example2.unity
  artifactKey: Guid(57071f7351b3a81418a5de6434c9c2c9) Importer(815301076,1909f56bfc062723c751e8b465ee728b)
Start importing Assets/Scenes/example2.unity using Guid(57071f7351b3a81418a5de6434c9c2c9) Importer(815301076,1909f56bfc062723c751e8b465ee728b)  -> (artifact id: '457aeb0ac27af92da8fa4bf45765af3a') in 0.004429 seconds
  Import took 0.016171 seconds .

========================================================================
Received Import Request.
  Time since last request: 0.010571 seconds.
  path: Assets/Scenes/example2.unity
  artifactKey: Guid(57071f7351b3a81418a5de6434c9c2c9) Importer(815301076,1909f56bfc062723c751e8b465ee728b)
Start importing Assets/Scenes/example2.unity using Guid(57071f7351b3a81418a5de6434c9c2c9) Importer(815301076,1909f56bfc062723c751e8b465ee728b)  -> (artifact id: '457aeb0ac27af92da8fa4bf45765af3a') in 0.011716 seconds
  Import took 0.016088 seconds .

========================================================================
Received Prepare
Registering precompiled user dll's ...
Registered in 0.000722 seconds.
Begin MonoManager ReloadAssembly
Native extension for WindowsStandalone target not found
Native extension for WebGL target not found
Refreshing native plugins compatible for Editor in 0.29 ms, found 0 plugins.
Preloading 0 native plugins for Editor in 0.00 ms.
Mono: successfully reloaded assembly
- Completed reload, in  0.874 seconds
Platform modules already initialized, skipping
Refreshing native plugins compatible for Editor in 0.21 ms, found 0 plugins.
Preloading 0 native plugins for Editor in 0.00 ms.
Unloading 1114 Unused Serialized files (Serialized files now loaded: 0)
System memory in use before: 61.0 MB.
System memory in use after: 61.1 MB.

Unloading 5 unused Assets to reduce memory usage. Loaded Objects now: 1720.
Total: 2.744200 ms (FindLiveObjects: 0.316500 ms CreateObjectMapping: 0.052600 ms MarkObjects: 2.311000 ms  DeleteObjects: 0.062900 ms)

========================================================================
Received Import Request.
  Time since last request: 6.665795 seconds.
  path: Assets/Scenes/example3.unity
  artifactKey: Guid(ae51ebdfea41d3243a499c9c2d219580) Importer(815301076,1909f56bfc062723c751e8b465ee728b)
Start importing Assets/Scenes/example3.unity using Guid(ae51ebdfea41d3243a499c9c2d219580) Importer(815301076,1909f56bfc062723c751e8b465ee728b)  -> (artifact id: 'be81ad53f6fc1a432a0ad3e4e533e426') in 0.016223 seconds
  Import took 0.018979 seconds .

========================================================================
Received Prepare
Registering precompiled user dll's ...
Registered in 0.000987 seconds.
Begin MonoManager ReloadAssembly
Native extension for WindowsStandalone target not found
Native extension for WebGL target not found
Refreshing native plugins compatible for Editor in 0.34 ms, found 0 plugins.
Preloading 0 native plugins for Editor in 0.00 ms.
Mono: successfully reloaded assembly
- Completed reload, in  0.857 seconds
Platform modules already initialized, skipping
Refreshing native plugins compatible for Editor in 0.29 ms, found 0 plugins.
Preloading 0 native plugins for Editor in 0.00 ms.
Unloading 1114 Unused Serialized files (Serialized files now loaded: 0)
System memory in use before: 61.0 MB.
System memory in use after: 61.1 MB.

Unloading 5 unused Assets to reduce memory usage. Loaded Objects now: 1723.
Total: 2.890000 ms (FindLiveObjects: 0.135200 ms CreateObjectMapping: 0.029100 ms MarkObjects: 2.636200 ms  DeleteObjects: 0.088500 ms)

========================================================================
Received Import Request.
  Time since last request: 28.722870 seconds.
  path: Assets/Scenes/example2.unity
  artifactKey: Guid(57071f7351b3a81418a5de6434c9c2c9) Importer(815301076,1909f56bfc062723c751e8b465ee728b)
Start importing Assets/Scenes/example2.unity using Guid(57071f7351b3a81418a5de6434c9c2c9) Importer(815301076,1909f56bfc062723c751e8b465ee728b)  -> (artifact id: 'd23849eca03b6353f7038916ed40d3c0') in 0.011748 seconds
  Import took 0.014347 seconds .

========================================================================
Received Prepare
Registering precompiled user dll's ...
Registered in 0.001923 seconds.
Begin MonoManager ReloadAssembly
Native extension for WindowsStandalone target not found
Native extension for WebGL target not found
Refreshing native plugins compatible for Editor in 0.26 ms, found 0 plugins.
Preloading 0 native plugins for Editor in 0.00 ms.
Mono: successfully reloaded assembly
- Completed reload, in  0.868 seconds
Platform modules already initialized, skipping
Refreshing native plugins compatible for Editor in 0.26 ms, found 0 plugins.
Preloading 0 native plugins for Editor in 0.00 ms.
Unloading 1114 Unused Serialized files (Serialized files now loaded: 0)
System memory in use before: 61.0 MB.
System memory in use after: 61.1 MB.

Unloading 5 unused Assets to reduce memory usage. Loaded Objects now: 1726.
Total: 3.489400 ms (FindLiveObjects: 0.270300 ms CreateObjectMapping: 0.096100 ms MarkObjects: 3.038300 ms  DeleteObjects: 0.083200 ms)

========================================================================
Received Prepare
Registering precompiled user dll's ...
Registered in 0.000786 seconds.
Begin MonoManager ReloadAssembly
Native extension for WindowsStandalone target not found
Native extension for WebGL target not found
Refreshing native plugins compatible for Editor in 0.22 ms, found 0 plugins.
Preloading 0 native plugins for Editor in 0.00 ms.
Mono: successfully reloaded assembly
- Completed reload, in  0.891 seconds
Platform modules already initialized, skipping
Refreshing native plugins compatible for Editor in 0.24 ms, found 0 plugins.
Preloading 0 native plugins for Editor in 0.00 ms.
Unloading 1114 Unused Serialized files (Serialized files now loaded: 0)
System memory in use before: 61.0 MB.
System memory in use after: 61.1 MB.

Unloading 5 unused Assets to reduce memory usage. Loaded Objects now: 1729.
Total: 3.484100 ms (FindLiveObjects: 0.216700 ms CreateObjectMapping: 0.105300 ms MarkObjects: 3.065900 ms  DeleteObjects: 0.094900 ms)

========================================================================
Received Prepare
Registering precompiled user dll's ...
Registered in 0.001081 seconds.
Begin MonoManager ReloadAssembly
Native extension for WindowsStandalone target not found
Native extension for WebGL target not found
Refreshing native plugins compatible for Editor in 0.86 ms, found 0 plugins.
Preloading 0 native plugins for Editor in 0.00 ms.
Mono: successfully reloaded assembly
- Completed reload, in  0.935 seconds
Platform modules already initialized, skipping
Refreshing native plugins compatible for Editor in 0.41 ms, found 0 plugins.
Preloading 0 native plugins for Editor in 0.00 ms.
Unloading 1114 Unused Serialized files (Serialized files now loaded: 0)
System memory in use before: 61.0 MB.
System memory in use after: 61.1 MB.

Unloading 5 unused Assets to reduce memory usage. Loaded Objects now: 1732.
Total: 4.046100 ms (FindLiveObjects: 0.314200 ms CreateObjectMapping: 0.119000 ms MarkObjects: 3.494000 ms  DeleteObjects: 0.117200 ms)

========================================================================
Received Prepare
Registering precompiled user dll's ...
Registered in 0.000747 seconds.
Begin MonoManager ReloadAssembly
Native extension for WindowsStandalone target not found
Native extension for WebGL target not found
Refreshing native plugins compatible for Editor in 0.25 ms, found 0 plugins.
Preloading 0 native plugins for Editor in 0.00 ms.
Mono: successfully reloaded assembly
- Completed reload, in  0.973 seconds
Platform modules already initialized, skipping
Refreshing native plugins compatible for Editor in 0.49 ms, found 0 plugins.
Preloading 0 native plugins for Editor in 0.00 ms.
Unloading 1114 Unused Serialized files (Serialized files now loaded: 0)
System memory in use before: 61.1 MB.
System memory in use after: 61.1 MB.

Unloading 5 unused Assets to reduce memory usage. Loaded Objects now: 1735.
Total: 2.233900 ms (FindLiveObjects: 0.166700 ms CreateObjectMapping: 0.040900 ms MarkObjects: 1.968500 ms  DeleteObjects: 0.056100 ms)

========================================================================
Received Import Request.
  Time since last request: 402.202897 seconds.
  path: Assets/Scenes/example3.unity
  artifactKey: Guid(ae51ebdfea41d3243a499c9c2d219580) Importer(815301076,1909f56bfc062723c751e8b465ee728b)
Start importing Assets/Scenes/example3.unity using Guid(ae51ebdfea41d3243a499c9c2d219580) Importer(815301076,1909f56bfc062723c751e8b465ee728b)  -> (artifact id: '35ec1c31871020266e23b9f873b0e1d0') in 0.013826 seconds
  Import took 0.016782 seconds .

========================================================================
Received Import Request.
  Time since last request: 0.009822 seconds.
  path: Assets/Scenes/example3.unity
  artifactKey: Guid(ae51ebdfea41d3243a499c9c2d219580) Importer(815301076,1909f56bfc062723c751e8b465ee728b)
Start importing Assets/Scenes/example3.unity using Guid(ae51ebdfea41d3243a499c9c2d219580) Importer(815301076,1909f56bfc062723c751e8b465ee728b)  -> (artifact id: '35ec1c31871020266e23b9f873b0e1d0') in 0.005949 seconds
  Import took 0.009675 seconds .

========================================================================
Received Prepare
Registering precompiled user dll's ...
Registered in 0.000817 seconds.
Begin MonoManager ReloadAssembly
Native extension for WindowsStandalone target not found
Native extension for WebGL target not found
Refreshing native plugins compatible for Editor in 0.76 ms, found 0 plugins.
Preloading 0 native plugins for Editor in 0.00 ms.
Mono: successfully reloaded assembly
- Completed reload, in  1.300 seconds
Platform modules already initialized, skipping
Refreshing native plugins compatible for Editor in 0.33 ms, found 0 plugins.
Preloading 0 native plugins for Editor in 0.00 ms.
Unloading 1114 Unused Serialized files (Serialized files now loaded: 0)
System memory in use before: 61.1 MB.
System memory in use after: 61.1 MB.

Unloading 5 unused Assets to reduce memory usage. Loaded Objects now: 1738.
Total: 3.565900 ms (FindLiveObjects: 0.264600 ms CreateObjectMapping: 0.150900 ms MarkObjects: 3.075900 ms  DeleteObjects: 0.072600 ms)

========================================================================
Received Prepare
Registering precompiled user dll's ...
Registered in 0.001002 seconds.
Begin MonoManager ReloadAssembly
Native extension for WindowsStandalone target not found
Native extension for WebGL target not found
Refreshing native plugins compatible for Editor in 0.29 ms, found 0 plugins.
Preloading 0 native plugins for Editor in 0.00 ms.
Mono: successfully reloaded assembly
- Completed reload, in  1.215 seconds
Platform modules already initialized, skipping
Refreshing native plugins compatible for Editor in 0.27 ms, found 0 plugins.
Preloading 0 native plugins for Editor in 0.00 ms.
Unloading 1114 Unused Serialized files (Serialized files now loaded: 0)
System memory in use before: 61.1 MB.
System memory in use after: 61.1 MB.

Unloading 5 unused Assets to reduce memory usage. Loaded Objects now: 1741.
Total: 10.812800 ms (FindLiveObjects: 0.194500 ms CreateObjectMapping: 0.109700 ms MarkObjects: 10.366000 ms  DeleteObjects: 0.140300 ms)

========================================================================
Received Import Request.
  Time since last request: 3016.567574 seconds.
  path: Assets/Scenes/example2.unity
  artifactKey: Guid(57071f7351b3a81418a5de6434c9c2c9) Importer(815301076,1909f56bfc062723c751e8b465ee728b)
Start importing Assets/Scenes/example2.unity using Guid(57071f7351b3a81418a5de6434c9c2c9) Importer(815301076,1909f56bfc062723c751e8b465ee728b)  -> (artifact id: 'a37d362577c54e36180671f900aafc3f') in 0.042156 seconds
  Import took 0.054413 seconds .

========================================================================
Received Import Request.
  Time since last request: 13.857008 seconds.
  path: Assets/Scenes/example3.unity
  artifactKey: Guid(ae51ebdfea41d3243a499c9c2d219580) Importer(815301076,1909f56bfc062723c751e8b465ee728b)
Start importing Assets/Scenes/example3.unity using Guid(ae51ebdfea41d3243a499c9c2d219580) Importer(815301076,1909f56bfc062723c751e8b465ee728b)  -> (artifact id: '6f747d539cc3d2eb536e0ed76643ca0d') in 0.006398 seconds
  Import took 0.014506 seconds .

========================================================================
Received Import Request.
  Time since last request: 42.634532 seconds.
  path: Assets/Scenes/example3.unity
  artifactKey: Guid(ae51ebdfea41d3243a499c9c2d219580) Importer(815301076,1909f56bfc062723c751e8b465ee728b)
Start importing Assets/Scenes/example3.unity using Guid(ae51ebdfea41d3243a499c9c2d219580) Importer(815301076,1909f56bfc062723c751e8b465ee728b)  -> (artifact id: 'b2cbe54a682be248669a1c06359a56b6') in 0.007569 seconds
  Import took 0.011335 seconds .

========================================================================
Received Import Request.
  Time since last request: 2.383419 seconds.
  path: Assets/Scenes/example2.unity
  artifactKey: Guid(57071f7351b3a81418a5de6434c9c2c9) Importer(815301076,1909f56bfc062723c751e8b465ee728b)
Start importing Assets/Scenes/example2.unity using Guid(57071f7351b3a81418a5de6434c9c2c9) Importer(815301076,1909f56bfc062723c751e8b465ee728b)  -> (artifact id: 'c1c7fb310b0d0043bab8bcf4c5cfd421') in 0.007334 seconds
  Import took 0.024341 seconds .

========================================================================
Received Import Request.
  Time since last request: 72.711740 seconds.
  path: Assets/Scenes/example3.unity
  artifactKey: Guid(ae51ebdfea41d3243a499c9c2d219580) Importer(815301076,1909f56bfc062723c751e8b465ee728b)
Start importing Assets/Scenes/example3.unity using Guid(ae51ebdfea41d3243a499c9c2d219580) Importer(815301076,1909f56bfc062723c751e8b465ee728b)  -> (artifact id: 'a71d4fe1648cce50c3b41dfaf025acba') in 0.006765 seconds
  Import took 0.019523 seconds .

========================================================================
Received Import Request.
  Time since last request: 4.095831 seconds.
  path: Assets/Scenes/example1.unity
  artifactKey: Guid(9fc0d4010bbf28b4594072e72b8655ab) Importer(815301076,1909f56bfc062723c751e8b465ee728b)
Start importing Assets/Scenes/example1.unity using Guid(9fc0d4010bbf28b4594072e72b8655ab) Importer(815301076,1909f56bfc062723c751e8b465ee728b)  -> (artifact id: '72dc9a529f025b4e108b8fda571dde4e') in 0.006715 seconds
  Import took 0.014765 seconds .

========================================================================
Received Prepare
Registering precompiled user dll's ...
Registered in 0.001645 seconds.
Begin MonoManager ReloadAssembly
Native extension for WindowsStandalone target not found
Native extension for WebGL target not found
Refreshing native plugins compatible for Editor in 0.39 ms, found 0 plugins.
Preloading 0 native plugins for Editor in 0.00 ms.
Mono: successfully reloaded assembly
- Completed reload, in  0.944 seconds
Platform modules already initialized, skipping
Refreshing native plugins compatible for Editor in 0.22 ms, found 0 plugins.
Preloading 0 native plugins for Editor in 0.00 ms.
Unloading 1114 Unused Serialized files (Serialized files now loaded: 0)
System memory in use before: 61.1 MB.
System memory in use after: 61.2 MB.

Unloading 5 unused Assets to reduce memory usage. Loaded Objects now: 1744.
Total: 3.269200 ms (FindLiveObjects: 0.370700 ms CreateObjectMapping: 0.091100 ms MarkObjects: 2.734400 ms  DeleteObjects: 0.071300 ms)

========================================================================
Received Import Request.
  Time since last request: 68.435527 seconds.
  path: Assets/Scenes/example3.unity
  artifactKey: Guid(ae51ebdfea41d3243a499c9c2d219580) Importer(815301076,1909f56bfc062723c751e8b465ee728b)
Start importing Assets/Scenes/example3.unity using Guid(ae51ebdfea41d3243a499c9c2d219580) Importer(815301076,1909f56bfc062723c751e8b465ee728b)  -> (artifact id: '7e20214713a17e2218fa32931687db17') in 0.036777 seconds
  Import took 0.039906 seconds .

========================================================================
Received Import Request.
  Time since last request: 0.001560 seconds.
  path: Assets/Scenes/example3.unity
  artifactKey: Guid(ae51ebdfea41d3243a499c9c2d219580) Importer(815301076,1909f56bfc062723c751e8b465ee728b)
Start importing Assets/Scenes/example3.unity using Guid(ae51ebdfea41d3243a499c9c2d219580) Importer(815301076,1909f56bfc062723c751e8b465ee728b)  -> (artifact id: '7e20214713a17e2218fa32931687db17') in 0.012106 seconds
  Import took 0.016648 seconds .

========================================================================
Received Prepare
Registering precompiled user dll's ...
Registered in 0.000910 seconds.
Begin MonoManager ReloadAssembly
Native extension for WindowsStandalone target not found
Native extension for WebGL target not found
Refreshing native plugins compatible for Editor in 0.23 ms, found 0 plugins.
Preloading 0 native plugins for Editor in 0.00 ms.
Mono: successfully reloaded assembly
- Completed reload, in  0.880 seconds
Platform modules already initialized, skipping
Refreshing native plugins compatible for Editor in 0.24 ms, found 0 plugins.
Preloading 0 native plugins for Editor in 0.00 ms.
Unloading 1114 Unused Serialized files (Serialized files now loaded: 0)
System memory in use before: 61.1 MB.
System memory in use after: 61.2 MB.

Unloading 5 unused Assets to reduce memory usage. Loaded Objects now: 1747.
Total: 2.433300 ms (FindLiveObjects: 0.175000 ms CreateObjectMapping: 0.041500 ms MarkObjects: 2.160400 ms  DeleteObjects: 0.054500 ms)

========================================================================
Received Prepare
Registering precompiled user dll's ...
Registered in 0.000780 seconds.
Begin MonoManager ReloadAssembly
Native extension for WindowsStandalone target not found
Native extension for WebGL target not found
Refreshing native plugins compatible for Editor in 0.43 ms, found 0 plugins.
Preloading 0 native plugins for Editor in 0.00 ms.
Mono: successfully reloaded assembly
- Completed reload, in  0.930 seconds
Platform modules already initialized, skipping
Refreshing native plugins compatible for Editor in 0.22 ms, found 0 plugins.
Preloading 0 native plugins for Editor in 0.00 ms.
Unloading 1114 Unused Serialized files (Serialized files now loaded: 0)
System memory in use before: 61.1 MB.
System memory in use after: 61.2 MB.

Unloading 5 unused Assets to reduce memory usage. Loaded Objects now: 1750.
Total: 3.093800 ms (FindLiveObjects: 0.351500 ms CreateObjectMapping: 0.053400 ms MarkObjects: 2.616900 ms  DeleteObjects: 0.070700 ms)

========================================================================
Received Prepare
Registering precompiled user dll's ...
Registered in 0.002078 seconds.
Begin MonoManager ReloadAssembly
Native extension for WindowsStandalone target not found
Native extension for WebGL target not found
Refreshing native plugins compatible for Editor in 0.25 ms, found 0 plugins.
Preloading 0 native plugins for Editor in 0.00 ms.
Mono: successfully reloaded assembly
- Completed reload, in  1.114 seconds
Platform modules already initialized, skipping
Refreshing native plugins compatible for Editor in 0.20 ms, found 0 plugins.
Preloading 0 native plugins for Editor in 0.00 ms.
Unloading 1114 Unused Serialized files (Serialized files now loaded: 0)
System memory in use before: 61.1 MB.
System memory in use after: 61.2 MB.

Unloading 5 unused Assets to reduce memory usage. Loaded Objects now: 1753.
Total: 7.215000 ms (FindLiveObjects: 0.683400 ms CreateObjectMapping: 0.173500 ms MarkObjects: 6.274800 ms  DeleteObjects: 0.079600 ms)

========================================================================
Received Prepare
Registering precompiled user dll's ...
Registered in 0.000852 seconds.
Begin MonoManager ReloadAssembly
Native extension for WindowsStandalone target not found
Native extension for WebGL target not found
Refreshing native plugins compatible for Editor in 0.31 ms, found 0 plugins.
Preloading 0 native plugins for Editor in 0.00 ms.
Mono: successfully reloaded assembly
- Completed reload, in  0.895 seconds
Platform modules already initialized, skipping
Refreshing native plugins compatible for Editor in 0.32 ms, found 0 plugins.
Preloading 0 native plugins for Editor in 0.00 ms.
Unloading 1114 Unused Serialized files (Serialized files now loaded: 0)
System memory in use before: 61.1 MB.
System memory in use after: 61.2 MB.

Unloading 5 unused Assets to reduce memory usage. Loaded Objects now: 1756.
Total: 3.260500 ms (FindLiveObjects: 0.176700 ms CreateObjectMapping: 0.056200 ms MarkObjects: 2.945200 ms  DeleteObjects: 0.081200 ms)

========================================================================
Received Import Request.
  Time since last request: 627.901279 seconds.
  path: Assets/Scenes/example3.unity
  artifactKey: Guid(ae51ebdfea41d3243a499c9c2d219580) Importer(815301076,1909f56bfc062723c751e8b465ee728b)
Start importing Assets/Scenes/example3.unity using Guid(ae51ebdfea41d3243a499c9c2d219580) Importer(815301076,1909f56bfc062723c751e8b465ee728b)  -> (artifact id: '38a7a06ad264a76065d2184bf6482074') in 0.041322 seconds
  Import took 0.044906 seconds .

========================================================================
Received Prepare
Refreshing native plugins compatible for Editor in 0.72 ms, found 0 plugins.
Preloading 0 native plugins for Editor in 0.00 ms.
Unloading 3 Unused Serialized files (Serialized files now loaded: 0)
System memory in use before: 39.1 MB.
System memory in use after: 39.2 MB.

Unloading 3 unused Assets to reduce memory usage. Loaded Objects now: 1756.
Total: 4.919700 ms (FindLiveObjects: 0.545400 ms CreateObjectMapping: 0.157200 ms MarkObjects: 4.063900 ms  DeleteObjects: 0.151000 ms)

AssetImportWorkerClient::OnTransportError - code=2 error=End of file
